%このファイルは日本語文字を含みます.
\BOOKMARK [1][-]{section.1}{はじめに}{}% 1
\BOOKMARK [1][-]{section.2}{深層学習}{}% 2
\BOOKMARK [2][-]{subsection.2.1}{パーセプトロン}{section.2}% 3
\BOOKMARK [2][-]{subsection.2.2}{ニューラルネットワーク}{section.2}% 4
\BOOKMARK [2][-]{subsection.2.3}{損失関数と重み更新}{section.2}% 5
\BOOKMARK [1][-]{section.3}{使用するデータセット}{}% 6
\BOOKMARK [2][-]{subsection.3.1}{Sloan Digital Sky Survey\(SDSS\)}{section.3}% 7
\BOOKMARK [2][-]{subsection.3.2}{Galaxy Zoo \(GZ\)}{section.3}% 8
\BOOKMARK [1][-]{section.4}{SDSS \046 Galaxy Zooを用いた分類モデル学習}{}% 9
\BOOKMARK [2][-]{subsection.4.1}{実験概要}{section.4}% 10
\BOOKMARK [2][-]{subsection.4.2}{不確かラベルが与える分類精度への影響}{section.4}% 11
\BOOKMARK [3][-]{subsubsection.4.2.1}{実験条件}{subsection.4.2}% 12
\BOOKMARK [3][-]{subsubsection.4.2.2}{実験結果}{subsection.4.2}% 13
\BOOKMARK [1][-]{section.5}{空間解像度差のあるデータセットを用いた分類モデル学習}{}% 14
\BOOKMARK [1][-]{section.6}{議論}{}% 15
\BOOKMARK [2][-]{subsection.6.1}{今回の実験から得た結論}{section.6}% 16
\BOOKMARK [2][-]{subsection.6.2}{将来課題}{section.6}% 17
\BOOKMARK [2][-]{subsection.6.3}{将来展望}{section.6}% 18
\BOOKMARK [1][-]{section.7}{おわりに}{}% 19
